# JRE version: OpenJDK Runtime Environment (11.0.13) (build 11.0.13+0-b1751.21-8125866)
# Java VM: OpenJDK 64-Bit Server VM (11.0.13+0-b1751.21-8125866, mixed mode, tiered, compressed oops, g1 gc, windows-amd64)
Heap:
 garbage-first heap   total 165888K, used 54798K [0x0000000080000000, 0x0000000100000000)
  region size 1024K, 11 young (11264K), 2 survivors (2048K)
 Metaspace       used 60271K, capacity 61667K, committed 61776K, reserved 1103872K
  class space    used 7545K, capacity 8083K, committed 8192K, reserved 1048576K
GC Heap History (20 events):
Event: 2.179 GC heap before
{Heap before GC invocations=2 (full 0):
 garbage-first heap   total 131072K, used 40632K [0x0000000080000000, 0x0000000100000000)
  region size 1024K, 32 young (32768K), 2 survivors (2048K)
 Metaspace       used 11244K, capacity 11508K, committed 11776K, reserved 1060864K
  class space    used 1153K, capacity 1244K, committed 1280K, reserved 1048576K
}
Event: 2.183 GC heap after
{Heap after GC invocations=3 (full 0):
 garbage-first heap   total 131072K, used 10927K [0x0000000080000000, 0x0000000100000000)
  region size 1024K, 3 young (3072K), 3 survivors (3072K)
 Metaspace       used 11244K, capacity 11508K, committed 11776K, reserved 1060864K
  class space    used 1153K, capacity 1244K, committed 1280K, reserved 1048576K
}
Event: 5.119 GC heap before
{Heap before GC invocations=3 (full 0):
 garbage-first heap   total 131072K, used 54959K [0x0000000080000000, 0x0000000100000000)
  region size 1024K, 46 young (47104K), 3 survivors (3072K)
 Metaspace       used 17793K, capacity 18229K, committed 18432K, reserved 1064960K
  class space    used 2078K, capacity 2211K, committed 2304K, reserved 1048576K
}
Event: 5.198 GC heap after
{Heap after GC invocations=4 (full 0):
 garbage-first heap   total 131072K, used 16736K [0x0000000080000000, 0x0000000100000000)
  region size 1024K, 6 young (6144K), 6 survivors (6144K)
 Metaspace       used 17793K, capacity 18229K, committed 18432K, reserved 1064960K
  class space    used 2078K, capacity 2211K, committed 2304K, reserved 1048576K
}
Event: 5.887 GC heap before
{Heap before GC invocations=4 (full 0):
 garbage-first heap   total 131072K, used 41312K [0x0000000080000000, 0x0000000100000000)
  region size 1024K, 32 young (32768K), 6 survivors (6144K)
 Metaspace       used 20804K, capacity 21245K, committed 21296K, reserved 1069056K
  class space    used 2528K, capacity 2684K, committed 2688K, reserved 1048576K
}
Event: 5.897 GC heap after
{Heap after GC invocations=5 (full 0):
 garbage-first heap   total 131072K, used 17924K [0x0000000080000000, 0x0000000100000000)
  region size 1024K, 5 young (5120K), 5 survivors (5120K)
 Metaspace       used 20804K, capacity 21245K, committed 21296K, reserved 1069056K
  class space    used 2528K, capacity 2684K, committed 2688K, reserved 1048576K
}
Event: 6.747 GC heap before
{Heap before GC invocations=6 (full 0):
 garbage-first heap   total 131072K, used 65028K [0x0000000080000000, 0x0000000100000000)
  region size 1024K, 51 young (52224K), 5 survivors (5120K)
 Metaspace       used 25567K, capacity 26156K, committed 26288K, reserved 1073152K
  class space    used 3292K, capacity 3518K, committed 3584K, reserved 1048576K
}
Event: 6.763 GC heap after
{Heap after GC invocations=7 (full 0):
 garbage-first heap   total 131072K, used 19493K [0x0000000080000000, 0x0000000100000000)
  region size 1024K, 3 young (3072K), 3 survivors (3072K)
 Metaspace       used 25567K, capacity 26156K, committed 26288K, reserved 1073152K
  class space    used 3292K, capacity 3518K, committed 3584K, reserved 1048576K
}
Event: 8.949 GC heap before
{Heap before GC invocations=7 (full 0):
 garbage-first heap   total 131072K, used 71717K [0x0000000080000000, 0x0000000100000000)
  region size 1024K, 54 young (55296K), 3 survivors (3072K)
 Metaspace       used 30473K, capacity 31209K, committed 31408K, reserved 1077248K
  class space    used 4036K, capacity 4315K, committed 4352K, reserved 1048576K
}
Event: 8.960 GC heap after
{Heap after GC invocations=8 (full 0):
 garbage-first heap   total 165888K, used 21185K [0x0000000080000000, 0x0000000100000000)
  region size 1024K, 5 young (5120K), 5 survivors (5120K)
 Metaspace       used 30473K, capacity 31209K, committed 31408K, reserved 1077248K
  class space    used 4036K, capacity 4315K, committed 4352K, reserved 1048576K
}
Event: 10.078 GC heap before
{Heap before GC invocations=8 (full 0):
 garbage-first heap   total 165888K, used 36545K [0x0000000080000000, 0x0000000100000000)
  region size 1024K, 21 young (21504K), 5 survivors (5120K)
 Metaspace       used 35018K, capacity 35750K, committed 35920K, reserved 1081344K
  class space    used 4495K, capacity 4788K, committed 4864K, reserved 1048576K
}
Event: 10.099 GC heap after
{Heap after GC invocations=9 (full 0):
 garbage-first heap   total 165888K, used 23330K [0x0000000080000000, 0x0000000100000000)
  region size 1024K, 7 young (7168K), 7 survivors (7168K)
 Metaspace       used 35018K, capacity 35750K, committed 35920K, reserved 1081344K
  class space    used 4495K, capacity 4788K, committed 4864K, reserved 1048576K
}
Event: 13.197 GC heap before
{Heap before GC invocations=10 (full 0):
 garbage-first heap   total 165888K, used 98082K [0x0000000080000000, 0x0000000100000000)
  region size 1024K, 78 young (79872K), 7 survivors (7168K)
 Metaspace       used 40792K, capacity 41794K, committed 42064K, reserved 1085440K
  class space    used 5145K, capacity 5517K, committed 5632K, reserved 1048576K
}
Event: 13.214 GC heap after
{Heap after GC invocations=11 (full 0):
 garbage-first heap   total 165888K, used 29083K [0x0000000080000000, 0x0000000100000000)
  region size 1024K, 10 young (10240K), 10 survivors (10240K)
 Metaspace       used 40792K, capacity 41794K, committed 42064K, reserved 1085440K
  class space    used 5145K, capacity 5517K, committed 5632K, reserved 1048576K
}
Event: 15.765 GC heap before
{Heap before GC invocations=11 (full 0):
 garbage-first heap   total 165888K, used 118171K [0x0000000080000000, 0x0000000100000000)
  region size 1024K, 97 young (99328K), 10 survivors (10240K)
 Metaspace       used 48063K, capacity 49178K, committed 49360K, reserved 1091584K
  class space    used 6077K, capacity 6501K, committed 6528K, reserved 1048576K
}
Event: 15.788 GC heap after
{Heap after GC invocations=12 (full 0):
 garbage-first heap   total 165888K, used 32511K [0x0000000080000000, 0x0000000100000000)
  region size 1024K, 10 young (10240K), 10 survivors (10240K)
 Metaspace       used 48063K, capacity 49178K, committed 49360K, reserved 1091584K
  class space    used 6077K, capacity 6501K, committed 6528K, reserved 1048576K
}
Event: 18.929 GC heap before
{Heap before GC invocations=12 (full 0):
 garbage-first heap   total 165888K, used 126719K [0x0000000080000000, 0x0000000100000000)
  region size 1024K, 97 young (99328K), 10 survivors (10240K)
 Metaspace       used 56638K, capacity 58025K, committed 58192K, reserved 1099776K
  class space    used 7079K, capacity 7620K, committed 7680K, reserved 1048576K
}
Event: 18.949 GC heap after
{Heap after GC invocations=13 (full 0):
 garbage-first heap   total 165888K, used 44597K [0x0000000080000000, 0x0000000100000000)
  region size 1024K, 12 young (12288K), 12 survivors (12288K)
 Metaspace       used 56638K, capacity 58025K, committed 58192K, reserved 1099776K
  class space    used 7079K, capacity 7620K, committed 7680K, reserved 1048576K
}
Event: 19.800 GC heap before
{Heap before GC invocations=13 (full 0):
 garbage-first heap   total 165888K, used 62005K [0x0000000080000000, 0x0000000100000000)
  region size 1024K, 30 young (30720K), 12 survivors (12288K)
 Metaspace       used 58727K, capacity 60120K, committed 60240K, reserved 1101824K
  class space    used 7327K, capacity 7843K, committed 7936K, reserved 1048576K
}
Event: 19.826 GC heap after
{Heap after GC invocations=14 (full 0):
 garbage-first heap   total 165888K, used 46606K [0x0000000080000000, 0x0000000100000000)
  region size 1024K, 2 young (2048K), 2 survivors (2048K)
 Metaspace       used 58727K, capacity 60120K, committed 60240K, reserved 1101824K
  class space    used 7327K, capacity 7843K, committed 7936K, reserved 1048576K
}

