# JRE version: OpenJDK Runtime Environment (11.0.13) (build 11.0.13+0-b1751.21-8125866)
# Java VM: OpenJDK 64-Bit Server VM (11.0.13+0-b1751.21-8125866, mixed mode, tiered, compressed oops, g1 gc, windows-amd64)
Heap:
 garbage-first heap   total 157696K, used 103010K [0x0000000080000000, 0x0000000100000000)
  region size 1024K, 53 young (54272K), 3 survivors (3072K)
 Metaspace       used 63830K, capacity 65372K, committed 65660K, reserved 1105920K
  class space    used 7973K, capacity 8521K, committed 8652K, reserved 1048576K
GC Heap History (20 events):
Event: 2.916 GC heap before
{Heap before GC invocations=2 (full 0):
 garbage-first heap   total 131072K, used 37280K [0x0000000080000000, 0x0000000100000000)
  region size 1024K, 29 young (29696K), 2 survivors (2048K)
 Metaspace       used 11253K, capacity 11508K, committed 11776K, reserved 1060864K
  class space    used 1153K, capacity 1244K, committed 1280K, reserved 1048576K
}
Event: 2.920 GC heap after
{Heap after GC invocations=3 (full 0):
 garbage-first heap   total 131072K, used 11104K [0x0000000080000000, 0x0000000100000000)
  region size 1024K, 4 young (4096K), 4 survivors (4096K)
 Metaspace       used 11253K, capacity 11508K, committed 11776K, reserved 1060864K
  class space    used 1153K, capacity 1244K, committed 1280K, reserved 1048576K
}
Event: 5.578 GC heap before
{Heap before GC invocations=3 (full 0):
 garbage-first heap   total 131072K, used 53088K [0x0000000080000000, 0x0000000100000000)
  region size 1024K, 45 young (46080K), 4 survivors (4096K)
 Metaspace       used 17455K, capacity 17909K, committed 18048K, reserved 1064960K
  class space    used 2012K, capacity 2147K, committed 2176K, reserved 1048576K
}
Event: 5.596 GC heap after
{Heap after GC invocations=4 (full 0):
 garbage-first heap   total 131072K, used 16267K [0x0000000080000000, 0x0000000100000000)
  region size 1024K, 6 young (6144K), 6 survivors (6144K)
 Metaspace       used 17455K, capacity 17909K, committed 18048K, reserved 1064960K
  class space    used 2012K, capacity 2147K, committed 2176K, reserved 1048576K
}
Event: 6.202 GC heap before
{Heap before GC invocations=4 (full 0):
 garbage-first heap   total 131072K, used 49035K [0x0000000080000000, 0x0000000100000000)
  region size 1024K, 39 young (39936K), 6 survivors (6144K)
 Metaspace       used 20812K, capacity 21251K, committed 21296K, reserved 1069056K
  class space    used 2525K, capacity 2686K, committed 2688K, reserved 1048576K
}
Event: 6.208 GC heap after
{Heap after GC invocations=5 (full 0):
 garbage-first heap   total 131072K, used 17499K [0x0000000080000000, 0x0000000100000000)
  region size 1024K, 6 young (6144K), 6 survivors (6144K)
 Metaspace       used 20812K, capacity 21251K, committed 21296K, reserved 1069056K
  class space    used 2525K, capacity 2686K, committed 2688K, reserved 1048576K
}
Event: 7.739 GC heap before
{Heap before GC invocations=6 (full 0):
 garbage-first heap   total 131072K, used 71771K [0x0000000080000000, 0x0000000100000000)
  region size 1024K, 60 young (61440K), 6 survivors (6144K)
 Metaspace       used 26575K, capacity 27273K, committed 27388K, reserved 1073152K
  class space    used 3430K, capacity 3640K, committed 3660K, reserved 1048576K
}
Event: 7.751 GC heap after
{Heap after GC invocations=7 (full 0):
 garbage-first heap   total 131072K, used 19700K [0x0000000080000000, 0x0000000100000000)
  region size 1024K, 4 young (4096K), 4 survivors (4096K)
 Metaspace       used 26575K, capacity 27273K, committed 27388K, reserved 1073152K
  class space    used 3430K, capacity 3640K, committed 3660K, reserved 1048576K
}
Event: 9.132 GC heap before
{Heap before GC invocations=7 (full 0):
 garbage-first heap   total 131072K, used 80116K [0x0000000080000000, 0x0000000100000000)
  region size 1024K, 63 young (64512K), 4 survivors (4096K)
 Metaspace       used 35091K, capacity 35879K, committed 35964K, reserved 1081344K
  class space    used 4494K, capacity 4788K, committed 4812K, reserved 1048576K
}
Event: 9.151 GC heap after
{Heap after GC invocations=8 (full 0):
 garbage-first heap   total 131072K, used 23015K [0x0000000080000000, 0x0000000100000000)
  region size 1024K, 7 young (7168K), 7 survivors (7168K)
 Metaspace       used 35091K, capacity 35879K, committed 35964K, reserved 1081344K
  class space    used 4494K, capacity 4788K, committed 4812K, reserved 1048576K
}
Event: 9.161 GC heap before
{Heap before GC invocations=8 (full 0):
 garbage-first heap   total 131072K, used 23015K [0x0000000080000000, 0x0000000100000000)
  region size 1024K, 8 young (8192K), 7 survivors (7168K)
 Metaspace       used 35149K, capacity 35893K, committed 35964K, reserved 1081344K
  class space    used 4502K, capacity 4793K, committed 4812K, reserved 1048576K
}
Event: 9.174 GC heap after
{Heap after GC invocations=9 (full 0):
 garbage-first heap   total 131072K, used 23157K [0x0000000080000000, 0x0000000100000000)
  region size 1024K, 4 young (4096K), 4 survivors (4096K)
 Metaspace       used 35149K, capacity 35893K, committed 35964K, reserved 1081344K
  class space    used 4502K, capacity 4793K, committed 4812K, reserved 1048576K
}
Event: 11.256 GC heap before
{Heap before GC invocations=10 (full 0):
 garbage-first heap   total 131072K, used 92789K [0x0000000080000000, 0x0000000100000000)
  region size 1024K, 69 young (70656K), 4 survivors (4096K)
 Metaspace       used 40317K, capacity 41227K, committed 41468K, reserved 1085440K
  class space    used 5074K, capacity 5413K, committed 5452K, reserved 1048576K
}
Event: 11.281 GC heap after
{Heap after GC invocations=11 (full 0):
 garbage-first heap   total 157696K, used 28108K [0x0000000080000000, 0x0000000100000000)
  region size 1024K, 9 young (9216K), 9 survivors (9216K)
 Metaspace       used 40317K, capacity 41227K, committed 41468K, reserved 1085440K
  class space    used 5074K, capacity 5413K, committed 5452K, reserved 1048576K
}
Event: 13.080 GC heap before
{Heap before GC invocations=11 (full 0):
 garbage-first heap   total 157696K, used 103884K [0x0000000080000000, 0x0000000100000000)
  region size 1024K, 83 young (84992K), 9 survivors (9216K)
 Metaspace       used 46858K, capacity 47999K, committed 48380K, reserved 1091584K
  class space    used 5933K, capacity 6341K, committed 6476K, reserved 1048576K
}
Event: 13.098 GC heap after
{Heap after GC invocations=12 (full 0):
 garbage-first heap   total 157696K, used 30461K [0x0000000080000000, 0x0000000100000000)
  region size 1024K, 8 young (8192K), 8 survivors (8192K)
 Metaspace       used 46858K, capacity 47999K, committed 48380K, reserved 1091584K
  class space    used 5933K, capacity 6341K, committed 6476K, reserved 1048576K
}
Event: 16.815 GC heap before
{Heap before GC invocations=12 (full 0):
 garbage-first heap   total 157696K, used 120573K [0x0000000080000000, 0x0000000100000000)
  region size 1024K, 92 young (94208K), 8 survivors (8192K)
 Metaspace       used 52804K, capacity 54187K, committed 54524K, reserved 1097728K
  class space    used 6648K, capacity 7130K, committed 7244K, reserved 1048576K
}
Event: 16.834 GC heap after
{Heap after GC invocations=13 (full 0):
 garbage-first heap   total 157696K, used 43467K [0x0000000080000000, 0x0000000100000000)
  region size 1024K, 12 young (12288K), 12 survivors (12288K)
 Metaspace       used 52804K, capacity 54187K, committed 54524K, reserved 1097728K
  class space    used 6648K, capacity 7130K, committed 7244K, reserved 1048576K
}
Event: 17.925 GC heap before
{Heap before GC invocations=13 (full 0):
 garbage-first heap   total 157696K, used 86475K [0x0000000080000000, 0x0000000100000000)
  region size 1024K, 55 young (56320K), 12 survivors (12288K)
 Metaspace       used 58840K, capacity 60244K, committed 60284K, reserved 1101824K
  class space    used 7351K, capacity 7865K, committed 7884K, reserved 1048576K
}
Event: 17.945 GC heap after
{Heap after GC invocations=14 (full 0):
 garbage-first heap   total 157696K, used 45666K [0x0000000080000000, 0x0000000100000000)
  region size 1024K, 3 young (3072K), 3 survivors (3072K)
 Metaspace       used 58840K, capacity 60244K, committed 60284K, reserved 1101824K
  class space    used 7351K, capacity 7865K, committed 7884K, reserved 1048576K
}

