# JRE version: OpenJDK Runtime Environment (11.0.13) (build 11.0.13+0-b1751.21-8125866)
# Java VM: OpenJDK 64-Bit Server VM (11.0.13+0-b1751.21-8125866, mixed mode, tiered, compressed oops, g1 gc, windows-amd64)
Heap:
 garbage-first heap   total 157696K, used 79579K [0x0000000080000000, 0x0000000100000000)
  region size 1024K, 60 young (61440K), 8 survivors (8192K)
 Metaspace       used 44824K, capacity 45884K, committed 45948K, reserved 1089536K
  class space    used 5652K, capacity 6040K, committed 6092K, reserved 1048576K
GC Heap History (18 events):
Event: 0.824 GC heap before
{Heap before GC invocations=0 (full 0):
 garbage-first heap   total 131072K, used 17408K [0x0000000080000000, 0x0000000100000000)
  region size 1024K, 14 young (14336K), 0 survivors (0K)
 Metaspace       used 6744K, capacity 6989K, committed 7168K, reserved 1056768K
  class space    used 572K, capacity 650K, committed 768K, reserved 1048576K
}
Event: 0.841 GC heap after
{Heap after GC invocations=1 (full 0):
 garbage-first heap   total 131072K, used 4245K [0x0000000080000000, 0x0000000100000000)
  region size 1024K, 2 young (2048K), 2 survivors (2048K)
 Metaspace       used 6744K, capacity 6989K, committed 7168K, reserved 1056768K
  class space    used 572K, capacity 650K, committed 768K, reserved 1048576K
}
Event: 1.532 GC heap before
{Heap before GC invocations=1 (full 0):
 garbage-first heap   total 131072K, used 19605K [0x0000000080000000, 0x0000000100000000)
  region size 1024K, 14 young (14336K), 2 survivors (2048K)
 Metaspace       used 10296K, capacity 10553K, committed 10624K, reserved 1058816K
  class space    used 1052K, capacity 1139K, committed 1152K, reserved 1048576K
}
Event: 1.535 GC heap after
{Heap after GC invocations=2 (full 0):
 garbage-first heap   total 131072K, used 9425K [0x0000000080000000, 0x0000000100000000)
  region size 1024K, 2 young (2048K), 2 survivors (2048K)
 Metaspace       used 10296K, capacity 10553K, committed 10624K, reserved 1058816K
  class space    used 1052K, capacity 1139K, committed 1152K, reserved 1048576K
}
Event: 2.217 GC heap before
{Heap before GC invocations=2 (full 0):
 garbage-first heap   total 131072K, used 38097K [0x0000000080000000, 0x0000000100000000)
  region size 1024K, 30 young (30720K), 2 survivors (2048K)
 Metaspace       used 11233K, capacity 11508K, committed 11776K, reserved 1060864K
  class space    used 1153K, capacity 1244K, committed 1280K, reserved 1048576K
}
Event: 2.221 GC heap after
{Heap after GC invocations=3 (full 0):
 garbage-first heap   total 131072K, used 11789K [0x0000000080000000, 0x0000000100000000)
  region size 1024K, 4 young (4096K), 4 survivors (4096K)
 Metaspace       used 11233K, capacity 11508K, committed 11776K, reserved 1060864K
  class space    used 1153K, capacity 1244K, committed 1280K, reserved 1048576K
}
Event: 4.362 GC heap before
{Heap before GC invocations=3 (full 0):
 garbage-first heap   total 131072K, used 54797K [0x0000000080000000, 0x0000000100000000)
  region size 1024K, 46 young (47104K), 4 survivors (4096K)
 Metaspace       used 17570K, capacity 18005K, committed 18176K, reserved 1064960K
  class space    used 2039K, capacity 2179K, committed 2304K, reserved 1048576K
}
Event: 4.372 GC heap after
{Heap after GC invocations=4 (full 0):
 garbage-first heap   total 131072K, used 16072K [0x0000000080000000, 0x0000000100000000)
  region size 1024K, 6 young (6144K), 6 survivors (6144K)
 Metaspace       used 17570K, capacity 18005K, committed 18176K, reserved 1064960K
  class space    used 2039K, capacity 2179K, committed 2304K, reserved 1048576K
}
Event: 4.995 GC heap before
{Heap before GC invocations=4 (full 0):
 garbage-first heap   total 131072K, used 46792K [0x0000000080000000, 0x0000000100000000)
  region size 1024K, 37 young (37888K), 6 survivors (6144K)
 Metaspace       used 20791K, capacity 21181K, committed 21296K, reserved 1069056K
  class space    used 2525K, capacity 2684K, committed 2688K, reserved 1048576K
}
Event: 5.005 GC heap after
{Heap after GC invocations=5 (full 0):
 garbage-first heap   total 131072K, used 17531K [0x0000000080000000, 0x0000000100000000)
  region size 1024K, 5 young (5120K), 5 survivors (5120K)
 Metaspace       used 20791K, capacity 21181K, committed 21296K, reserved 1069056K
  class space    used 2525K, capacity 2684K, committed 2688K, reserved 1048576K
}
Event: 7.411 GC heap before
{Heap before GC invocations=6 (full 0):
 garbage-first heap   total 131072K, used 69755K [0x0000000080000000, 0x0000000100000000)
  region size 1024K, 57 young (58368K), 5 survivors (5120K)
 Metaspace       used 26483K, capacity 27081K, committed 27132K, reserved 1073152K
  class space    used 3415K, capacity 3640K, committed 3660K, reserved 1048576K
}
Event: 7.418 GC heap after
{Heap after GC invocations=7 (full 0):
 garbage-first heap   total 131072K, used 19441K [0x0000000080000000, 0x0000000100000000)
  region size 1024K, 4 young (4096K), 4 survivors (4096K)
 Metaspace       used 26483K, capacity 27081K, committed 27132K, reserved 1073152K
  class space    used 3415K, capacity 3640K, committed 3660K, reserved 1048576K
}
Event: 9.172 GC heap before
{Heap before GC invocations=7 (full 0):
 garbage-first heap   total 131072K, used 77809K [0x0000000080000000, 0x0000000100000000)
  region size 1024K, 61 young (62464K), 4 survivors (4096K)
 Metaspace       used 32850K, capacity 33577K, committed 33788K, reserved 1079296K
  class space    used 4277K, capacity 4551K, committed 4684K, reserved 1048576K
}
Event: 9.180 GC heap after
{Heap after GC invocations=8 (full 0):
 garbage-first heap   total 131072K, used 21939K [0x0000000080000000, 0x0000000100000000)
  region size 1024K, 6 young (6144K), 6 survivors (6144K)
 Metaspace       used 32850K, capacity 33577K, committed 33788K, reserved 1079296K
  class space    used 4277K, capacity 4551K, committed 4684K, reserved 1048576K
}
Event: 9.562 GC heap before
{Heap before GC invocations=8 (full 0):
 garbage-first heap   total 131072K, used 26035K [0x0000000080000000, 0x0000000100000000)
  region size 1024K, 11 young (11264K), 6 survivors (6144K)
 Metaspace       used 35177K, capacity 35914K, committed 35964K, reserved 1081344K
  class space    used 4508K, capacity 4801K, committed 4812K, reserved 1048576K
}
Event: 9.578 GC heap after
{Heap after GC invocations=9 (full 0):
 garbage-first heap   total 131072K, used 23214K [0x0000000080000000, 0x0000000100000000)
  region size 1024K, 6 young (6144K), 6 survivors (6144K)
 Metaspace       used 35177K, capacity 35914K, committed 35964K, reserved 1081344K
  class space    used 4508K, capacity 4801K, committed 4812K, reserved 1048576K
}
Event: 11.590 GC heap before
{Heap before GC invocations=10 (full 0):
 garbage-first heap   total 131072K, used 86702K [0x0000000080000000, 0x0000000100000000)
  region size 1024K, 66 young (67584K), 6 survivors (6144K)
 Metaspace       used 39855K, capacity 40791K, committed 40956K, reserved 1085440K
  class space    used 5033K, capacity 5374K, committed 5452K, reserved 1048576K
}
Event: 11.612 GC heap after
{Heap after GC invocations=11 (full 0):
 garbage-first heap   total 157696K, used 27355K [0x0000000080000000, 0x0000000100000000)
  region size 1024K, 8 young (8192K), 8 survivors (8192K)
 Metaspace       used 39855K, capacity 40791K, committed 40956K, reserved 1085440K
  class space    used 5033K, capacity 5374K, committed 5452K, reserved 1048576K
}

