# JRE version: OpenJDK Runtime Environment (11.0.13) (build 11.0.13+0-b1751.21-8125866)
# Java VM: OpenJDK 64-Bit Server VM (11.0.13+0-b1751.21-8125866, mixed mode, tiered, compressed oops, g1 gc, windows-amd64)
Heap:
 garbage-first heap   total 612352K, used 250805K [0x0000000080000000, 0x0000000100000000)
  region size 1024K, 7 young (7168K), 7 survivors (7168K)
 Metaspace       used 111109K, capacity 114169K, committed 115124K, reserved 1148928K
  class space    used 14146K, capacity 15283K, committed 15724K, reserved 1048576K
GC Heap History (20 events):
Event: 47.707 GC heap after
{Heap after GC invocations=46 (full 0):
 garbage-first heap   total 297984K, used 206848K [0x0000000080000000, 0x0000000100000000)
  region size 1024K, 4 young (4096K), 4 survivors (4096K)
 Metaspace       used 110719K, capacity 113763K, committed 114868K, reserved 1148928K
  class space    used 14138K, capacity 15275K, committed 15724K, reserved 1048576K
}
Event: 47.734 GC heap before
{Heap before GC invocations=46 (full 0):
 garbage-first heap   total 297984K, used 207872K [0x0000000080000000, 0x0000000100000000)
  region size 1024K, 6 young (6144K), 4 survivors (4096K)
 Metaspace       used 110719K, capacity 113763K, committed 114868K, reserved 1148928K
  class space    used 14138K, capacity 15275K, committed 15724K, reserved 1048576K
}
Event: 47.746 GC heap after
{Heap after GC invocations=47 (full 0):
 garbage-first heap   total 297984K, used 208033K [0x0000000080000000, 0x0000000100000000)
  region size 1024K, 1 young (1024K), 1 survivors (1024K)
 Metaspace       used 110719K, capacity 113763K, committed 114868K, reserved 1148928K
  class space    used 14138K, capacity 15275K, committed 15724K, reserved 1048576K
}
Event: 48.225 GC heap before
{Heap before GC invocations=47 (full 0):
 garbage-first heap   total 297984K, used 228513K [0x0000000080000000, 0x0000000100000000)
  region size 1024K, 21 young (21504K), 1 survivors (1024K)
 Metaspace       used 110744K, capacity 113769K, committed 114868K, reserved 1148928K
  class space    used 14138K, capacity 15275K, committed 15724K, reserved 1048576K
}
Event: 48.235 GC heap after
{Heap after GC invocations=48 (full 0):
 garbage-first heap   total 297984K, used 210045K [0x0000000080000000, 0x0000000100000000)
  region size 1024K, 3 young (3072K), 3 survivors (3072K)
 Metaspace       used 110744K, capacity 113769K, committed 114868K, reserved 1148928K
  class space    used 14138K, capacity 15275K, committed 15724K, reserved 1048576K
}
Event: 49.284 GC heap before
{Heap before GC invocations=49 (full 0):
 garbage-first heap   total 297984K, used 218237K [0x0000000080000000, 0x0000000100000000)
  region size 1024K, 25 young (25600K), 3 survivors (3072K)
 Metaspace       used 110819K, capacity 113839K, committed 114868K, reserved 1148928K
  class space    used 14138K, capacity 15275K, committed 15724K, reserved 1048576K
}
Event: 49.367 GC heap after
{Heap after GC invocations=50 (full 0):
 garbage-first heap   total 376832K, used 200561K [0x0000000080000000, 0x0000000100000000)
  region size 1024K, 4 young (4096K), 4 survivors (4096K)
 Metaspace       used 110819K, capacity 113839K, committed 114868K, reserved 1148928K
  class space    used 14138K, capacity 15275K, committed 15724K, reserved 1048576K
}
Event: 50.390 GC heap before
{Heap before GC invocations=50 (full 0):
 garbage-first heap   total 376832K, used 220017K [0x0000000080000000, 0x0000000100000000)
  region size 1024K, 18 young (18432K), 4 survivors (4096K)
 Metaspace       used 110831K, capacity 113904K, committed 114868K, reserved 1148928K
  class space    used 14138K, capacity 15275K, committed 15724K, reserved 1048576K
}
Event: 50.419 GC heap after
{Heap after GC invocations=51 (full 0):
 garbage-first heap   total 376832K, used 202481K [0x0000000080000000, 0x0000000100000000)
  region size 1024K, 2 young (2048K), 2 survivors (2048K)
 Metaspace       used 110831K, capacity 113904K, committed 114868K, reserved 1148928K
  class space    used 14138K, capacity 15275K, committed 15724K, reserved 1048576K
}
Event: 50.978 GC heap before
{Heap before GC invocations=51 (full 0):
 garbage-first heap   total 376832K, used 205553K [0x0000000080000000, 0x0000000100000000)
  region size 1024K, 6 young (6144K), 2 survivors (2048K)
 Metaspace       used 110834K, capacity 113904K, committed 114868K, reserved 1148928K
  class space    used 14138K, capacity 15275K, committed 15724K, reserved 1048576K
}
Event: 50.993 GC heap after
{Heap after GC invocations=52 (full 0):
 garbage-first heap   total 376832K, used 202888K [0x0000000080000000, 0x0000000100000000)
  region size 1024K, 3 young (3072K), 3 survivors (3072K)
 Metaspace       used 110834K, capacity 113904K, committed 114868K, reserved 1148928K
  class space    used 14138K, capacity 15275K, committed 15724K, reserved 1048576K
}
Event: 53.127 GC heap before
{Heap before GC invocations=53 (full 0):
 garbage-first heap   total 376832K, used 258184K [0x0000000080000000, 0x0000000100000000)
  region size 1024K, 50 young (51200K), 3 survivors (3072K)
 Metaspace       used 111018K, capacity 114071K, committed 115124K, reserved 1148928K
  class space    used 14146K, capacity 15282K, committed 15724K, reserved 1048576K
}
Event: 53.152 GC heap after
{Heap after GC invocations=54 (full 0):
 garbage-first heap   total 376832K, used 214462K [0x0000000080000000, 0x0000000100000000)
  region size 1024K, 6 young (6144K), 6 survivors (6144K)
 Metaspace       used 111018K, capacity 114071K, committed 115124K, reserved 1148928K
  class space    used 14146K, capacity 15282K, committed 15724K, reserved 1048576K
}
Event: 53.524 GC heap before
{Heap before GC invocations=54 (full 0):
 garbage-first heap   total 376832K, used 227774K [0x0000000080000000, 0x0000000100000000)
  region size 1024K, 18 young (18432K), 6 survivors (6144K)
 Metaspace       used 111020K, capacity 114071K, committed 115124K, reserved 1148928K
  class space    used 14146K, capacity 15282K, committed 15724K, reserved 1048576K
}
Event: 53.541 GC heap after
{Heap after GC invocations=55 (full 0):
 garbage-first heap   total 376832K, used 214587K [0x0000000080000000, 0x0000000100000000)
  region size 1024K, 2 young (2048K), 2 survivors (2048K)
 Metaspace       used 111020K, capacity 114071K, committed 115124K, reserved 1148928K
  class space    used 14146K, capacity 15282K, committed 15724K, reserved 1048576K
}
Event: 53.542 GC heap before
{Heap before GC invocations=55 (full 0):
 garbage-first heap   total 376832K, used 214587K [0x0000000080000000, 0x0000000100000000)
  region size 1024K, 3 young (3072K), 2 survivors (2048K)
 Metaspace       used 111020K, capacity 114071K, committed 115124K, reserved 1148928K
  class space    used 14146K, capacity 15282K, committed 15724K, reserved 1048576K
}
Event: 53.547 GC heap after
{Heap after GC invocations=56 (full 0):
 garbage-first heap   total 376832K, used 215370K [0x0000000080000000, 0x0000000100000000)
  region size 1024K, 3 young (3072K), 3 survivors (3072K)
 Metaspace       used 111020K, capacity 114071K, committed 115124K, reserved 1148928K
  class space    used 14146K, capacity 15282K, committed 15724K, reserved 1048576K
}
Event: 54.167 GC heap before
{Heap before GC invocations=56 (full 0):
 garbage-first heap   total 376832K, used 270666K [0x0000000080000000, 0x0000000100000000)
  region size 1024K, 47 young (48128K), 3 survivors (3072K)
 Metaspace       used 111036K, capacity 114073K, committed 115124K, reserved 1148928K
  class space    used 14146K, capacity 15282K, committed 15724K, reserved 1048576K
}
Event: 54.196 GC heap after
{Heap after GC invocations=57 (full 0):
 garbage-first heap   total 376832K, used 230455K [0x0000000080000000, 0x0000000100000000)
  region size 1024K, 6 young (6144K), 6 survivors (6144K)
 Metaspace       used 111036K, capacity 114073K, committed 115124K, reserved 1148928K
  class space    used 14146K, capacity 15282K, committed 15724K, reserved 1048576K
}
Event: 54.917 GC heap before
{Heap before GC invocations=58 (full 0):
 garbage-first heap   total 376832K, used 287799K [0x0000000080000000, 0x0000000100000000)
  region size 1024K, 49 young (50176K), 6 survivors (6144K)
 Metaspace       used 111109K, capacity 114169K, committed 115124K, reserved 1148928K
  class space    used 14146K, capacity 15283K, committed 15724K, reserved 1048576K
}

