# JRE version: OpenJDK Runtime Environment (11.0.13) (build 11.0.13+0-b1751.21-8125866)
# Java VM: OpenJDK 64-Bit Server VM (11.0.13+0-b1751.21-8125866, mixed mode, tiered, compressed oops, g1 gc, windows-amd64)
Heap:
 garbage-first heap   total 189440K, used 101573K [0x0000000080000000, 0x0000000100000000)
  region size 1024K, 17 young (17408K), 9 survivors (9216K)
 Metaspace       used 93932K, capacity 96372K, committed 96420K, reserved 1132544K
  class space    used 12014K, capacity 12869K, committed 12876K, reserved 1048576K
GC Heap History (20 events):
Event: 17.797 GC heap before
{Heap before GC invocations=15 (full 0):
 garbage-first heap   total 131072K, used 100946K [0x0000000080000000, 0x0000000100000000)
  region size 1024K, 51 young (52224K), 2 survivors (2048K)
 Metaspace       used 63752K, capacity 65181K, committed 65316K, reserved 1105920K
  class space    used 7975K, capacity 8520K, committed 8652K, reserved 1048576K
}
Event: 17.807 GC heap after
{Heap after GC invocations=16 (full 0):
 garbage-first heap   total 131072K, used 49547K [0x0000000080000000, 0x0000000100000000)
  region size 1024K, 7 young (7168K), 7 survivors (7168K)
 Metaspace       used 63752K, capacity 65181K, committed 65316K, reserved 1105920K
  class space    used 7975K, capacity 8520K, committed 8652K, reserved 1048576K
}
Event: 18.397 GC heap before
{Heap before GC invocations=17 (full 0):
 garbage-first heap   total 131072K, used 97675K [0x0000000080000000, 0x0000000100000000)
  region size 1024K, 54 young (55296K), 7 survivors (7168K)
 Metaspace       used 66405K, capacity 67895K, committed 68132K, reserved 1107968K
  class space    used 8335K, capacity 8881K, committed 8908K, reserved 1048576K
}
Event: 18.412 GC heap after
{Heap after GC invocations=18 (full 0):
 garbage-first heap   total 131072K, used 52576K [0x0000000080000000, 0x0000000100000000)
  region size 1024K, 4 young (4096K), 4 survivors (4096K)
 Metaspace       used 66405K, capacity 67895K, committed 68132K, reserved 1107968K
  class space    used 8335K, capacity 8881K, committed 8908K, reserved 1048576K
}
Event: 18.829 GC heap before
{Heap before GC invocations=18 (full 0):
 garbage-first heap   total 131072K, used 99680K [0x0000000080000000, 0x0000000100000000)
  region size 1024K, 50 young (51200K), 4 survivors (4096K)
 Metaspace       used 67805K, capacity 69381K, committed 69668K, reserved 1110016K
  class space    used 8491K, capacity 9053K, committed 9164K, reserved 1048576K
}
Event: 18.838 GC heap after
{Heap after GC invocations=19 (full 0):
 garbage-first heap   total 157696K, used 55744K [0x0000000080000000, 0x0000000100000000)
  region size 1024K, 7 young (7168K), 7 survivors (7168K)
 Metaspace       used 67805K, capacity 69381K, committed 69668K, reserved 1110016K
  class space    used 8491K, capacity 9053K, committed 9164K, reserved 1048576K
}
Event: 19.765 GC heap before
{Heap before GC invocations=19 (full 0):
 garbage-first heap   total 157696K, used 115136K [0x0000000080000000, 0x0000000100000000)
  region size 1024K, 65 young (66560K), 7 survivors (7168K)
 Metaspace       used 72995K, capacity 74676K, committed 74916K, reserved 1114112K
  class space    used 9350K, capacity 9975K, committed 10060K, reserved 1048576K
}
Event: 19.780 GC heap after
{Heap after GC invocations=20 (full 0):
 garbage-first heap   total 157696K, used 59781K [0x0000000080000000, 0x0000000100000000)
  region size 1024K, 8 young (8192K), 8 survivors (8192K)
 Metaspace       used 72995K, capacity 74676K, committed 74916K, reserved 1114112K
  class space    used 9350K, capacity 9975K, committed 10060K, reserved 1048576K
}
Event: 20.508 GC heap before
{Heap before GC invocations=20 (full 0):
 garbage-first heap   total 157696K, used 118149K [0x0000000080000000, 0x0000000100000000)
  region size 1024K, 65 young (66560K), 8 survivors (8192K)
 Metaspace       used 75968K, capacity 77727K, committed 77860K, reserved 1116160K
  class space    used 9781K, capacity 10401K, committed 10444K, reserved 1048576K
}
Event: 20.521 GC heap after
{Heap after GC invocations=21 (full 0):
 garbage-first heap   total 157696K, used 63823K [0x0000000080000000, 0x0000000100000000)
  region size 1024K, 8 young (8192K), 8 survivors (8192K)
 Metaspace       used 75968K, capacity 77727K, committed 77860K, reserved 1116160K
  class space    used 9781K, capacity 10401K, committed 10444K, reserved 1048576K
}
Event: 22.184 GC heap before
{Heap before GC invocations=21 (full 0):
 garbage-first heap   total 157696K, used 122191K [0x0000000080000000, 0x0000000100000000)
  region size 1024K, 65 young (66560K), 8 survivors (8192K)
 Metaspace       used 81620K, capacity 83445K, committed 83620K, reserved 1122304K
  class space    used 10531K, capacity 11228K, committed 11340K, reserved 1048576K
}
Event: 22.199 GC heap after
{Heap after GC invocations=22 (full 0):
 garbage-first heap   total 157696K, used 68020K [0x0000000080000000, 0x0000000100000000)
  region size 1024K, 8 young (8192K), 8 survivors (8192K)
 Metaspace       used 81620K, capacity 83445K, committed 83620K, reserved 1122304K
  class space    used 10531K, capacity 11228K, committed 11340K, reserved 1048576K
}
Event: 23.345 GC heap before
{Heap before GC invocations=22 (full 0):
 garbage-first heap   total 157696K, used 123316K [0x0000000080000000, 0x0000000100000000)
  region size 1024K, 63 young (64512K), 8 survivors (8192K)
 Metaspace       used 85317K, capacity 87422K, committed 87716K, reserved 1126400K
  class space    used 11010K, capacity 11807K, committed 11852K, reserved 1048576K
}
Event: 23.367 GC heap after
{Heap after GC invocations=23 (full 0):
 garbage-first heap   total 157696K, used 73728K [0x0000000080000000, 0x0000000100000000)
  region size 1024K, 8 young (8192K), 8 survivors (8192K)
 Metaspace       used 85317K, capacity 87422K, committed 87716K, reserved 1126400K
  class space    used 11010K, capacity 11807K, committed 11852K, reserved 1048576K
}
Event: 24.886 GC heap before
{Heap before GC invocations=23 (full 0):
 garbage-first heap   total 157696K, used 125952K [0x0000000080000000, 0x0000000100000000)
  region size 1024K, 60 young (61440K), 8 survivors (8192K)
 Metaspace       used 86036K, capacity 88188K, committed 88356K, reserved 1126400K
  class space    used 11064K, capacity 11876K, committed 11980K, reserved 1048576K
}
Event: 24.903 GC heap after
{Heap after GC invocations=24 (full 0):
 garbage-first heap   total 189440K, used 77761K [0x0000000080000000, 0x0000000100000000)
  region size 1024K, 8 young (8192K), 8 survivors (8192K)
 Metaspace       used 86036K, capacity 88188K, committed 88356K, reserved 1126400K
  class space    used 11064K, capacity 11876K, committed 11980K, reserved 1048576K
}
Event: 26.474 GC heap before
{Heap before GC invocations=24 (full 0):
 garbage-first heap   total 189440K, used 140225K [0x0000000080000000, 0x0000000100000000)
  region size 1024K, 70 young (71680K), 8 survivors (8192K)
 Metaspace       used 87281K, capacity 89470K, committed 89764K, reserved 1126400K
  class space    used 11191K, capacity 11997K, committed 12108K, reserved 1048576K
}
Event: 26.495 GC heap after
{Heap after GC invocations=25 (full 0):
 garbage-first heap   total 189440K, used 83147K [0x0000000080000000, 0x0000000100000000)
  region size 1024K, 9 young (9216K), 9 survivors (9216K)
 Metaspace       used 87281K, capacity 89470K, committed 89764K, reserved 1126400K
  class space    used 11191K, capacity 11997K, committed 12108K, reserved 1048576K
}
Event: 28.966 GC heap before
{Heap before GC invocations=25 (full 0):
 garbage-first heap   total 189440K, used 145611K [0x0000000080000000, 0x0000000100000000)
  region size 1024K, 69 young (70656K), 9 survivors (9216K)
 Metaspace       used 93577K, capacity 95955K, committed 96164K, reserved 1132544K
  class space    used 11983K, capacity 12859K, committed 12876K, reserved 1048576K
}
Event: 29.002 GC heap after
{Heap after GC invocations=26 (full 0):
 garbage-first heap   total 189440K, used 94405K [0x0000000080000000, 0x0000000100000000)
  region size 1024K, 9 young (9216K), 9 survivors (9216K)
 Metaspace       used 93577K, capacity 95955K, committed 96164K, reserved 1132544K
  class space    used 11983K, capacity 12859K, committed 12876K, reserved 1048576K
}

