# JRE version: OpenJDK Runtime Environment (11.0.13) (build 11.0.13+0-b1751.21-8125866)
# Java VM: OpenJDK 64-Bit Server VM (11.0.13+0-b1751.21-8125866, mixed mode, tiered, compressed oops, g1 gc, windows-amd64)
Heap:
 garbage-first heap   total 294912K, used 134166K [0x0000000080000000, 0x0000000100000000)
  region size 1024K, 2 young (2048K), 2 survivors (2048K)
 Metaspace       used 92154K, capacity 94424K, committed 94684K, reserved 1130496K
  class space    used 11991K, capacity 12836K, committed 12960K, reserved 1048576K
GC Heap History (20 events):
Event: 25.364 GC heap after
{Heap after GC invocations=25 (full 0):
 garbage-first heap   total 131072K, used 74402K [0x0000000080000000, 0x0000000100000000)
  region size 1024K, 4 young (4096K), 4 survivors (4096K)
 Metaspace       used 85309K, capacity 87410K, committed 87644K, reserved 1126400K
  class space    used 10993K, capacity 11778K, committed 11808K, reserved 1048576K
}
Event: 26.375 GC heap before
{Heap before GC invocations=25 (full 0):
 garbage-first heap   total 131072K, used 107170K [0x0000000080000000, 0x0000000100000000)
  region size 1024K, 37 young (37888K), 4 survivors (4096K)
 Metaspace       used 85655K, capacity 87804K, committed 87900K, reserved 1126400K
  class space    used 11014K, capacity 11798K, committed 11808K, reserved 1048576K
}
Event: 26.390 GC heap after
{Heap after GC invocations=26 (full 0):
 garbage-first heap   total 157696K, used 76742K [0x0000000080000000, 0x0000000100000000)
  region size 1024K, 3 young (3072K), 3 survivors (3072K)
 Metaspace       used 85655K, capacity 87804K, committed 87900K, reserved 1126400K
  class space    used 11014K, capacity 11798K, committed 11808K, reserved 1048576K
}
Event: 27.195 GC heap before
{Heap before GC invocations=27 (full 0):
 garbage-first heap   total 157696K, used 121798K [0x0000000080000000, 0x0000000100000000)
  region size 1024K, 48 young (49152K), 3 survivors (3072K)
 Metaspace       used 86204K, capacity 88377K, committed 88540K, reserved 1126400K
  class space    used 11057K, capacity 11858K, committed 11936K, reserved 1048576K
}
Event: 27.206 GC heap after
{Heap after GC invocations=28 (full 0):
 garbage-first heap   total 157696K, used 80029K [0x0000000080000000, 0x0000000100000000)
  region size 1024K, 6 young (6144K), 6 survivors (6144K)
 Metaspace       used 86204K, capacity 88377K, committed 88540K, reserved 1126400K
  class space    used 11057K, capacity 11858K, committed 11936K, reserved 1048576K
}
Event: 27.861 GC heap before
{Heap before GC invocations=28 (full 0):
 garbage-first heap   total 157696K, used 124061K [0x0000000080000000, 0x0000000100000000)
  region size 1024K, 50 young (51200K), 6 survivors (6144K)
 Metaspace       used 86667K, capacity 88838K, committed 89052K, reserved 1126400K
  class space    used 11082K, capacity 11868K, committed 11936K, reserved 1048576K
}
Event: 27.877 GC heap after
{Heap after GC invocations=29 (full 0):
 garbage-first heap   total 157696K, used 83152K [0x0000000080000000, 0x0000000100000000)
  region size 1024K, 4 young (4096K), 4 survivors (4096K)
 Metaspace       used 86667K, capacity 88838K, committed 89052K, reserved 1126400K
  class space    used 11082K, capacity 11868K, committed 11936K, reserved 1048576K
}
Event: 28.642 GC heap before
{Heap before GC invocations=30 (full 0):
 garbage-first heap   total 157696K, used 126160K [0x0000000080000000, 0x0000000100000000)
  region size 1024K, 47 young (48128K), 4 survivors (4096K)
 Metaspace       used 87059K, capacity 89206K, committed 89308K, reserved 1126400K
  class space    used 11130K, capacity 11923K, committed 11936K, reserved 1048576K
}
Event: 28.652 GC heap after
{Heap after GC invocations=31 (full 0):
 garbage-first heap   total 157696K, used 85473K [0x0000000080000000, 0x0000000100000000)
  region size 1024K, 6 young (6144K), 6 survivors (6144K)
 Metaspace       used 87059K, capacity 89206K, committed 89308K, reserved 1126400K
  class space    used 11130K, capacity 11923K, committed 11936K, reserved 1048576K
}
Event: 28.707 GC heap before
{Heap before GC invocations=31 (full 0):
 garbage-first heap   total 157696K, used 90593K [0x0000000080000000, 0x0000000100000000)
  region size 1024K, 12 young (12288K), 6 survivors (6144K)
 Metaspace       used 87166K, capacity 89410K, committed 89564K, reserved 1126400K
  class space    used 11143K, capacity 11925K, committed 11936K, reserved 1048576K
}
Event: 28.717 GC heap after
{Heap after GC invocations=32 (full 0):
 garbage-first heap   total 189440K, used 85584K [0x0000000080000000, 0x0000000100000000)
  region size 1024K, 3 young (3072K), 3 survivors (3072K)
 Metaspace       used 87166K, capacity 89410K, committed 89564K, reserved 1126400K
  class space    used 11143K, capacity 11925K, committed 11936K, reserved 1048576K
}
Event: 29.288 GC heap before
{Heap before GC invocations=33 (full 0):
 garbage-first heap   total 189440K, used 110160K [0x0000000080000000, 0x0000000100000000)
  region size 1024K, 19 young (19456K), 3 survivors (3072K)
 Metaspace       used 90024K, capacity 92189K, committed 92380K, reserved 1130496K
  class space    used 11542K, capacity 12343K, committed 12448K, reserved 1048576K
}
Event: 29.299 GC heap after
{Heap after GC invocations=34 (full 0):
 garbage-first heap   total 189440K, used 97999K [0x0000000080000000, 0x0000000100000000)
  region size 1024K, 5 young (5120K), 5 survivors (5120K)
 Metaspace       used 90024K, capacity 92189K, committed 92380K, reserved 1130496K
  class space    used 11542K, capacity 12343K, committed 12448K, reserved 1048576K
}
Event: 29.744 GC heap before
{Heap before GC invocations=35 (full 0):
 garbage-first heap   total 189440K, used 174799K [0x0000000080000000, 0x0000000100000000)
  region size 1024K, 49 young (50176K), 5 survivors (5120K)
 Metaspace       used 90342K, capacity 92549K, committed 92636K, reserved 1130496K
  class space    used 11586K, capacity 12377K, committed 12448K, reserved 1048576K
}
Event: 29.834 GC heap after
{Heap after GC invocations=36 (full 0):
 garbage-first heap   total 200704K, used 127406K [0x0000000080000000, 0x0000000100000000)
  region size 1024K, 7 young (7168K), 7 survivors (7168K)
 Metaspace       used 90342K, capacity 92549K, committed 92636K, reserved 1130496K
  class space    used 11586K, capacity 12377K, committed 12448K, reserved 1048576K
}
Event: 29.845 GC heap before
{Heap before GC invocations=36 (full 0):
 garbage-first heap   total 200704K, used 130478K [0x0000000080000000, 0x0000000100000000)
  region size 1024K, 9 young (9216K), 7 survivors (7168K)
 Metaspace       used 90343K, capacity 92549K, committed 92636K, reserved 1130496K
  class space    used 11586K, capacity 12377K, committed 12448K, reserved 1048576K
}
Event: 29.869 GC heap after
{Heap after GC invocations=37 (full 0):
 garbage-first heap   total 200704K, used 130145K [0x0000000080000000, 0x0000000100000000)
  region size 1024K, 2 young (2048K), 2 survivors (2048K)
 Metaspace       used 90343K, capacity 92549K, committed 92636K, reserved 1130496K
  class space    used 11586K, capacity 12377K, committed 12448K, reserved 1048576K
}
Event: 30.205 GC heap before
{Heap before GC invocations=37 (full 0):
 garbage-first heap   total 200704K, used 137313K [0x0000000080000000, 0x0000000100000000)
  region size 1024K, 9 young (9216K), 2 survivors (2048K)
 Metaspace       used 90621K, capacity 92875K, committed 92892K, reserved 1130496K
  class space    used 11621K, capacity 12443K, committed 12448K, reserved 1048576K
}
Event: 30.215 GC heap after
{Heap after GC invocations=38 (full 0):
 garbage-first heap   total 200704K, used 132440K [0x0000000080000000, 0x0000000100000000)
  region size 1024K, 2 young (2048K), 2 survivors (2048K)
 Metaspace       used 90621K, capacity 92875K, committed 92892K, reserved 1130496K
  class space    used 11621K, capacity 12443K, committed 12448K, reserved 1048576K
}
Event: 30.367 GC heap before
{Heap before GC invocations=39 (full 0):
 garbage-first heap   total 200704K, used 138584K [0x0000000080000000, 0x0000000100000000)
  region size 1024K, 9 young (9216K), 2 survivors (2048K)
 Metaspace       used 92154K, capacity 94424K, committed 94684K, reserved 1130496K
  class space    used 11991K, capacity 12836K, committed 12960K, reserved 1048576K
}

