# JRE version: OpenJDK Runtime Environment (11.0.13) (build 11.0.13+0-b1751.21-8125866)
# Java VM: OpenJDK 64-Bit Server VM (11.0.13+0-b1751.21-8125866, mixed mode, tiered, compressed oops, g1 gc, windows-amd64)
Heap:
 garbage-first heap   total 175104K, used 141618K [0x0000000080000000, 0x0000000100000000)
  region size 1024K, 20 young (20480K), 5 survivors (5120K)
 Metaspace       used 90320K, capacity 92478K, committed 92780K, reserved 1136640K
  class space    used 11583K, capacity 12375K, committed 12440K, reserved 1048576K
GC Heap History (20 events):
Event: 19.215 GC heap before
{Heap before GC invocations=11 (full 0):
 garbage-first heap   total 175104K, used 108314K [0x0000000080000000, 0x0000000100000000)
  region size 1024K, 76 young (77824K), 10 survivors (10240K)
 Metaspace       used 58709K, capacity 60151K, committed 60240K, reserved 1101824K
  class space    used 7336K, capacity 7855K, committed 7936K, reserved 1048576K
}
Event: 19.239 GC heap after
{Heap after GC invocations=12 (full 0):
 garbage-first heap   total 175104K, used 44374K [0x0000000080000000, 0x0000000100000000)
  region size 1024K, 3 young (3072K), 3 survivors (3072K)
 Metaspace       used 58709K, capacity 60151K, committed 60240K, reserved 1101824K
  class space    used 7336K, capacity 7855K, committed 7936K, reserved 1048576K
}
Event: 21.179 GC heap before
{Heap before GC invocations=13 (full 0):
 garbage-first heap   total 175104K, used 131414K [0x0000000080000000, 0x0000000100000000)
  region size 1024K, 81 young (82944K), 3 survivors (3072K)
 Metaspace       used 65637K, capacity 67099K, committed 67436K, reserved 1107968K
  class space    used 8200K, capacity 8749K, committed 8856K, reserved 1048576K
}
Event: 21.196 GC heap after
{Heap after GC invocations=14 (full 0):
 garbage-first heap   total 175104K, used 51524K [0x0000000080000000, 0x0000000100000000)
  region size 1024K, 10 young (10240K), 10 survivors (10240K)
 Metaspace       used 65637K, capacity 67099K, committed 67436K, reserved 1107968K
  class space    used 8200K, capacity 8749K, committed 8856K, reserved 1048576K
}
Event: 23.099 GC heap before
{Heap before GC invocations=15 (full 0):
 garbage-first heap   total 175104K, used 131396K [0x0000000080000000, 0x0000000100000000)
  region size 1024K, 88 young (90112K), 10 survivors (10240K)
 Metaspace       used 69295K, capacity 70857K, committed 71020K, reserved 1112064K
  class space    used 8712K, capacity 9309K, committed 9368K, reserved 1048576K
}
Event: 23.117 GC heap after
{Heap after GC invocations=16 (full 0):
 garbage-first heap   total 175104K, used 56093K [0x0000000080000000, 0x0000000100000000)
  region size 1024K, 6 young (6144K), 6 survivors (6144K)
 Metaspace       used 69295K, capacity 70857K, committed 71020K, reserved 1112064K
  class space    used 8712K, capacity 9309K, committed 9368K, reserved 1048576K
}
Event: 24.348 GC heap before
{Heap before GC invocations=16 (full 0):
 garbage-first heap   total 175104K, used 134941K [0x0000000080000000, 0x0000000100000000)
  region size 1024K, 83 young (84992K), 6 survivors (6144K)
 Metaspace       used 74156K, capacity 75840K, committed 76012K, reserved 1116160K
  class space    used 9525K, capacity 10148K, committed 10264K, reserved 1048576K
}
Event: 24.364 GC heap after
{Heap after GC invocations=17 (full 0):
 garbage-first heap   total 175104K, used 61382K [0x0000000080000000, 0x0000000100000000)
  region size 1024K, 11 young (11264K), 11 survivors (11264K)
 Metaspace       used 74156K, capacity 75840K, committed 76012K, reserved 1116160K
  class space    used 9525K, capacity 10148K, committed 10264K, reserved 1048576K
}
Event: 26.053 GC heap before
{Heap before GC invocations=17 (full 0):
 garbage-first heap   total 175104K, used 137158K [0x0000000080000000, 0x0000000100000000)
  region size 1024K, 85 young (87040K), 11 survivors (11264K)
 Metaspace       used 80976K, capacity 82791K, committed 83180K, reserved 1122304K
  class space    used 10449K, capacity 11137K, committed 11288K, reserved 1048576K
}
Event: 26.075 GC heap after
{Heap after GC invocations=18 (full 0):
 garbage-first heap   total 175104K, used 66421K [0x0000000080000000, 0x0000000100000000)
  region size 1024K, 11 young (11264K), 11 survivors (11264K)
 Metaspace       used 80976K, capacity 82791K, committed 83180K, reserved 1122304K
  class space    used 10449K, capacity 11137K, committed 11288K, reserved 1048576K
}
Event: 28.916 GC heap before
{Heap before GC invocations=18 (full 0):
 garbage-first heap   total 175104K, used 138101K [0x0000000080000000, 0x0000000100000000)
  region size 1024K, 82 young (83968K), 11 survivors (11264K)
 Metaspace       used 85502K, capacity 87626K, committed 87916K, reserved 1126400K
  class space    used 11013K, capacity 11810K, committed 11928K, reserved 1048576K
}
Event: 28.937 GC heap after
{Heap after GC invocations=19 (full 0):
 garbage-first heap   total 175104K, used 72702K [0x0000000080000000, 0x0000000100000000)
  region size 1024K, 11 young (11264K), 11 survivors (11264K)
 Metaspace       used 85502K, capacity 87626K, committed 87916K, reserved 1126400K
  class space    used 11013K, capacity 11810K, committed 11928K, reserved 1048576K
}
Event: 30.494 GC heap before
{Heap before GC invocations=19 (full 0):
 garbage-first heap   total 175104K, used 139262K [0x0000000080000000, 0x0000000100000000)
  region size 1024K, 77 young (78848K), 11 survivors (11264K)
 Metaspace       used 86257K, capacity 88506K, committed 88684K, reserved 1126400K
  class space    used 11073K, capacity 11885K, committed 11928K, reserved 1048576K
}
Event: 30.525 GC heap after
{Heap after GC invocations=20 (full 0):
 garbage-first heap   total 175104K, used 78846K [0x0000000080000000, 0x0000000100000000)
  region size 1024K, 6 young (6144K), 6 survivors (6144K)
 Metaspace       used 86257K, capacity 88506K, committed 88684K, reserved 1126400K
  class space    used 11073K, capacity 11885K, committed 11928K, reserved 1048576K
}
Event: 32.176 GC heap before
{Heap before GC invocations=20 (full 0):
 garbage-first heap   total 175104K, used 140286K [0x0000000080000000, 0x0000000100000000)
  region size 1024K, 67 young (68608K), 6 survivors (6144K)
 Metaspace       used 86788K, capacity 88916K, committed 89196K, reserved 1126400K
  class space    used 11098K, capacity 11895K, committed 11928K, reserved 1048576K
}
Event: 32.188 GC heap after
{Heap after GC invocations=21 (full 0):
 garbage-first heap   total 175104K, used 83523K [0x0000000080000000, 0x0000000100000000)
  region size 1024K, 5 young (5120K), 5 survivors (5120K)
 Metaspace       used 86788K, capacity 88916K, committed 89196K, reserved 1126400K
  class space    used 11098K, capacity 11895K, committed 11928K, reserved 1048576K
}
Event: 32.976 GC heap before
{Heap before GC invocations=21 (full 0):
 garbage-first heap   total 175104K, used 121411K [0x0000000080000000, 0x0000000100000000)
  region size 1024K, 44 young (45056K), 5 survivors (5120K)
 Metaspace       used 87346K, capacity 89581K, committed 89836K, reserved 1128448K
  class space    used 11175K, capacity 11984K, committed 12056K, reserved 1048576K
}
Event: 32.988 GC heap after
{Heap after GC invocations=22 (full 0):
 garbage-first heap   total 175104K, used 84909K [0x0000000080000000, 0x0000000100000000)
  region size 1024K, 6 young (6144K), 6 survivors (6144K)
 Metaspace       used 87346K, capacity 89581K, committed 89836K, reserved 1128448K
  class space    used 11175K, capacity 11984K, committed 12056K, reserved 1048576K
}
Event: 34.135 GC heap before
{Heap before GC invocations=23 (full 0):
 garbage-first heap   total 175104K, used 106413K [0x0000000080000000, 0x0000000100000000)
  region size 1024K, 19 young (19456K), 6 survivors (6144K)
 Metaspace       used 90054K, capacity 92183K, committed 92524K, reserved 1132544K
  class space    used 11540K, capacity 12341K, committed 12440K, reserved 1048576K
}
Event: 34.152 GC heap after
{Heap after GC invocations=24 (full 0):
 garbage-first heap   total 175104K, used 97586K [0x0000000080000000, 0x0000000100000000)
  region size 1024K, 5 young (5120K), 5 survivors (5120K)
 Metaspace       used 90054K, capacity 92183K, committed 92524K, reserved 1132544K
  class space    used 11540K, capacity 12341K, committed 12440K, reserved 1048576K
}

