# JRE version: OpenJDK Runtime Environment (11.0.13) (build 11.0.13+0-b1751.21-8125866)
# Java VM: OpenJDK 64-Bit Server VM (11.0.13+0-b1751.21-8125866, mixed mode, tiered, compressed oops, g1 gc, windows-amd64)
Heap:
 garbage-first heap   total 486400K, used 272821K [0x0000000080000000, 0x0000000100000000)
  region size 1024K, 39 young (39936K), 12 survivors (12288K)
 Metaspace       used 109458K, capacity 112441K, committed 112988K, reserved 1146880K
  class space    used 14110K, capacity 15237K, committed 15512K, reserved 1048576K
GC Heap History (20 events):
Event: 44.427 GC heap before
{Heap before GC invocations=39 (full 0):
 garbage-first heap   total 282624K, used 197632K [0x0000000080000000, 0x0000000100000000)
  region size 1024K, 9 young (9216K), 5 survivors (5120K)
 Metaspace       used 108554K, capacity 111488K, committed 112220K, reserved 1146880K
  class space    used 14077K, capacity 15173K, committed 15512K, reserved 1048576K
}
Event: 44.453 GC heap after
{Heap after GC invocations=40 (full 0):
 garbage-first heap   total 282624K, used 197632K [0x0000000080000000, 0x0000000100000000)
  region size 1024K, 2 young (2048K), 2 survivors (2048K)
 Metaspace       used 108554K, capacity 111488K, committed 112220K, reserved 1146880K
  class space    used 14077K, capacity 15173K, committed 15512K, reserved 1048576K
}
Event: 45.575 GC heap before
{Heap before GC invocations=41 (full 0):
 garbage-first heap   total 282624K, used 217088K [0x0000000080000000, 0x0000000100000000)
  region size 1024K, 21 young (21504K), 2 survivors (2048K)
 Metaspace       used 108729K, capacity 111715K, committed 112476K, reserved 1146880K
  class space    used 14084K, capacity 15177K, committed 15512K, reserved 1048576K
}
Event: 45.605 GC heap after
{Heap after GC invocations=42 (full 0):
 garbage-first heap   total 282624K, used 203460K [0x0000000080000000, 0x0000000100000000)
  region size 1024K, 3 young (3072K), 3 survivors (3072K)
 Metaspace       used 108729K, capacity 111715K, committed 112476K, reserved 1146880K
  class space    used 14084K, capacity 15177K, committed 15512K, reserved 1048576K
}
Event: 46.251 GC heap before
{Heap before GC invocations=42 (full 0):
 garbage-first heap   total 282624K, used 223940K [0x0000000080000000, 0x0000000100000000)
  region size 1024K, 23 young (23552K), 3 survivors (3072K)
 Metaspace       used 108826K, capacity 111796K, committed 112476K, reserved 1146880K
  class space    used 14087K, capacity 15179K, committed 15512K, reserved 1048576K
}
Event: 46.269 GC heap after
{Heap after GC invocations=43 (full 0):
 garbage-first heap   total 282624K, used 206229K [0x0000000080000000, 0x0000000100000000)
  region size 1024K, 3 young (3072K), 3 survivors (3072K)
 Metaspace       used 108826K, capacity 111796K, committed 112476K, reserved 1146880K
  class space    used 14087K, capacity 15179K, committed 15512K, reserved 1048576K
}
Event: 47.176 GC heap before
{Heap before GC invocations=44 (full 0):
 garbage-first heap   total 282624K, used 212373K [0x0000000080000000, 0x0000000100000000)
  region size 1024K, 23 young (23552K), 3 survivors (3072K)
 Metaspace       used 108955K, capacity 111875K, committed 112476K, reserved 1146880K
  class space    used 14090K, capacity 15179K, committed 15512K, reserved 1048576K
}
Event: 47.196 GC heap after
{Heap after GC invocations=45 (full 0):
 garbage-first heap   total 282624K, used 194307K [0x0000000080000000, 0x0000000100000000)
  region size 1024K, 2 young (2048K), 2 survivors (2048K)
 Metaspace       used 108955K, capacity 111875K, committed 112476K, reserved 1146880K
  class space    used 14090K, capacity 15179K, committed 15512K, reserved 1048576K
}
Event: 47.432 GC heap before
{Heap before GC invocations=45 (full 0):
 garbage-first heap   total 282624K, used 206595K [0x0000000080000000, 0x0000000100000000)
  region size 1024K, 13 young (13312K), 2 survivors (2048K)
 Metaspace       used 108963K, capacity 111939K, committed 112732K, reserved 1146880K
  class space    used 14090K, capacity 15179K, committed 15512K, reserved 1048576K
}
Event: 47.459 GC heap after
{Heap after GC invocations=46 (full 0):
 garbage-first heap   total 282624K, used 192079K [0x0000000080000000, 0x0000000100000000)
  region size 1024K, 2 young (2048K), 2 survivors (2048K)
 Metaspace       used 108963K, capacity 111939K, committed 112732K, reserved 1146880K
  class space    used 14090K, capacity 15179K, committed 15512K, reserved 1048576K
}
Event: 47.564 GC heap before
{Heap before GC invocations=46 (full 0):
 garbage-first heap   total 282624K, used 197199K [0x0000000080000000, 0x0000000100000000)
  region size 1024K, 9 young (9216K), 2 survivors (2048K)
 Metaspace       used 108964K, capacity 111939K, committed 112732K, reserved 1146880K
  class space    used 14090K, capacity 15179K, committed 15512K, reserved 1048576K
}
Event: 47.593 GC heap after
{Heap after GC invocations=47 (full 0):
 garbage-first heap   total 418816K, used 194024K [0x0000000080000000, 0x0000000100000000)
  region size 1024K, 4 young (4096K), 4 survivors (4096K)
 Metaspace       used 108964K, capacity 111939K, committed 112732K, reserved 1146880K
  class space    used 14090K, capacity 15179K, committed 15512K, reserved 1048576K
}
Event: 48.578 GC heap before
{Heap before GC invocations=48 (full 0):
 garbage-first heap   total 418816K, used 208360K [0x0000000080000000, 0x0000000100000000)
  region size 1024K, 15 young (15360K), 4 survivors (4096K)
 Metaspace       used 108997K, capacity 111938K, committed 112732K, reserved 1146880K
  class space    used 14090K, capacity 15178K, committed 15512K, reserved 1048576K
}
Event: 48.606 GC heap after
{Heap after GC invocations=49 (full 0):
 garbage-first heap   total 418816K, used 200500K [0x0000000080000000, 0x0000000100000000)
  region size 1024K, 5 young (5120K), 5 survivors (5120K)
 Metaspace       used 108997K, capacity 111938K, committed 112732K, reserved 1146880K
  class space    used 14090K, capacity 15178K, committed 15512K, reserved 1048576K
}
Event: 50.367 GC heap before
{Heap before GC invocations=50 (full 0):
 garbage-first heap   total 418816K, used 228148K [0x0000000080000000, 0x0000000100000000)
  region size 1024K, 31 young (31744K), 5 survivors (5120K)
 Metaspace       used 109056K, capacity 112018K, committed 112732K, reserved 1146880K
  class space    used 14090K, capacity 15178K, committed 15512K, reserved 1048576K
}
Event: 50.417 GC heap after
{Heap after GC invocations=51 (full 0):
 garbage-first heap   total 418816K, used 202234K [0x0000000080000000, 0x0000000100000000)
  region size 1024K, 5 young (5120K), 5 survivors (5120K)
 Metaspace       used 109056K, capacity 112018K, committed 112732K, reserved 1146880K
  class space    used 14090K, capacity 15178K, committed 15512K, reserved 1048576K
}
Event: 52.355 GC heap before
{Heap before GC invocations=52 (full 0):
 garbage-first heap   total 418816K, used 253434K [0x0000000080000000, 0x0000000100000000)
  region size 1024K, 49 young (50176K), 5 survivors (5120K)
 Metaspace       used 109354K, capacity 112344K, committed 112988K, reserved 1146880K
  class space    used 14110K, capacity 15237K, committed 15512K, reserved 1048576K
}
Event: 52.406 GC heap after
{Heap after GC invocations=53 (full 0):
 garbage-first heap   total 418816K, used 212604K [0x0000000080000000, 0x0000000100000000)
  region size 1024K, 8 young (8192K), 8 survivors (8192K)
 Metaspace       used 109354K, capacity 112344K, committed 112988K, reserved 1146880K
  class space    used 14110K, capacity 15237K, committed 15512K, reserved 1048576K
}
Event: 53.653 GC heap before
{Heap before GC invocations=54 (full 0):
 garbage-first heap   total 418816K, used 296572K [0x0000000080000000, 0x0000000100000000)
  region size 1024K, 80 young (81920K), 8 survivors (8192K)
 Metaspace       used 109455K, capacity 112441K, committed 112988K, reserved 1146880K
  class space    used 14110K, capacity 15237K, committed 15512K, reserved 1048576K
}
Event: 53.784 GC heap after
{Heap after GC invocations=55 (full 0):
 garbage-first heap   total 486400K, used 234933K [0x0000000080000000, 0x0000000100000000)
  region size 1024K, 12 young (12288K), 12 survivors (12288K)
 Metaspace       used 109455K, capacity 112441K, committed 112988K, reserved 1146880K
  class space    used 14110K, capacity 15237K, committed 15512K, reserved 1048576K
}

