# JRE version: OpenJDK Runtime Environment (11.0.13) (build 11.0.13+0-b1751.21-8125866)
# Java VM: OpenJDK 64-Bit Server VM (11.0.13+0-b1751.21-8125866, mixed mode, tiered, compressed oops, g1 gc, windows-amd64)
Heap:
 garbage-first heap   total 470016K, used 310226K [0x0000000080000000, 0x0000000100000000)
  region size 1024K, 70 young (71680K), 6 survivors (6144K)
 Metaspace       used 122070K, capacity 125343K, committed 125776K, reserved 1159168K
  class space    used 15222K, capacity 16440K, committed 16544K, reserved 1048576K
GC Heap History (20 events):
Event: 2184.434 GC heap before
{Heap before GC invocations=77 (full 0):
 garbage-first heap   total 470016K, used 232793K [0x0000000080000000, 0x0000000100000000)
  region size 1024K, 22 young (22528K), 1 survivors (1024K)
 Metaspace       used 121298K, capacity 124597K, committed 124752K, reserved 1157120K
  class space    used 15232K, capacity 16468K, committed 16544K, reserved 1048576K
}
Event: 2184.563 GC heap after
{Heap after GC invocations=78 (full 0):
 garbage-first heap   total 470016K, used 170716K [0x0000000080000000, 0x0000000100000000)
  region size 1024K, 1 young (1024K), 1 survivors (1024K)
 Metaspace       used 121298K, capacity 124597K, committed 124752K, reserved 1157120K
  class space    used 15232K, capacity 16468K, committed 16544K, reserved 1048576K
}
Event: 2216.504 GC heap before
{Heap before GC invocations=78 (full 0):
 garbage-first heap   total 470016K, used 192220K [0x0000000080000000, 0x0000000100000000)
  region size 1024K, 22 young (22528K), 1 survivors (1024K)
 Metaspace       used 121380K, capacity 124706K, committed 125008K, reserved 1157120K
  class space    used 15237K, capacity 16476K, committed 16544K, reserved 1048576K
}
Event: 2216.587 GC heap after
{Heap after GC invocations=79 (full 0):
 garbage-first heap   total 470016K, used 161250K [0x0000000080000000, 0x0000000100000000)
  region size 1024K, 3 young (3072K), 3 survivors (3072K)
 Metaspace       used 121380K, capacity 124706K, committed 125008K, reserved 1157120K
  class space    used 15237K, capacity 16476K, committed 16544K, reserved 1048576K
}
Event: 2217.532 GC heap before
{Heap before GC invocations=79 (full 0):
 garbage-first heap   total 470016K, used 180706K [0x0000000080000000, 0x0000000100000000)
  region size 1024K, 22 young (22528K), 3 survivors (3072K)
 Metaspace       used 121605K, capacity 124925K, committed 125008K, reserved 1157120K
  class space    used 15246K, capacity 16492K, committed 16544K, reserved 1048576K
}
Event: 2217.629 GC heap after
{Heap after GC invocations=80 (full 0):
 garbage-first heap   total 470016K, used 160464K [0x0000000080000000, 0x0000000100000000)
  region size 1024K, 3 young (3072K), 3 survivors (3072K)
 Metaspace       used 121605K, capacity 124925K, committed 125008K, reserved 1157120K
  class space    used 15246K, capacity 16492K, committed 16544K, reserved 1048576K
}
Event: 2218.749 GC heap before
{Heap before GC invocations=80 (full 0):
 garbage-first heap   total 470016K, used 179920K [0x0000000080000000, 0x0000000100000000)
  region size 1024K, 24 young (24576K), 3 survivors (3072K)
 Metaspace       used 121737K, capacity 125104K, committed 125264K, reserved 1159168K
  class space    used 15266K, capacity 16529K, committed 16544K, reserved 1048576K
}
Event: 2218.783 GC heap after
{Heap after GC invocations=81 (full 0):
 garbage-first heap   total 470016K, used 163450K [0x0000000080000000, 0x0000000100000000)
  region size 1024K, 6 young (6144K), 6 survivors (6144K)
 Metaspace       used 121737K, capacity 125104K, committed 125264K, reserved 1159168K
  class space    used 15266K, capacity 16529K, committed 16544K, reserved 1048576K
}
Event: 2223.861 GC heap before
{Heap before GC invocations=82 (full 0):
 garbage-first heap   total 470016K, used 300666K [0x0000000080000000, 0x0000000100000000)
  region size 1024K, 124 young (126976K), 6 survivors (6144K)
 Metaspace       used 122059K, capacity 125353K, committed 125776K, reserved 1159168K
  class space    used 15222K, capacity 16442K, committed 16544K, reserved 1048576K
}
Event: 2224.112 GC heap after
{Heap after GC invocations=83 (full 0):
 garbage-first heap   total 470016K, used 186482K [0x0000000080000000, 0x0000000100000000)
  region size 1024K, 16 young (16384K), 16 survivors (16384K)
 Metaspace       used 122059K, capacity 125353K, committed 125776K, reserved 1159168K
  class space    used 15222K, capacity 16442K, committed 16544K, reserved 1048576K
}
Event: 2224.169 GC heap before
{Heap before GC invocations=83 (full 0):
 garbage-first heap   total 470016K, used 192626K [0x0000000080000000, 0x0000000100000000)
  region size 1024K, 22 young (22528K), 16 survivors (16384K)
 Metaspace       used 122059K, capacity 125353K, committed 125776K, reserved 1159168K
  class space    used 15222K, capacity 16442K, committed 16544K, reserved 1048576K
}
Event: 2224.279 GC heap after
{Heap after GC invocations=84 (full 0):
 garbage-first heap   total 470016K, used 165876K [0x0000000080000000, 0x0000000100000000)
  region size 1024K, 3 young (3072K), 3 survivors (3072K)
 Metaspace       used 122059K, capacity 125353K, committed 125776K, reserved 1159168K
  class space    used 15222K, capacity 16442K, committed 16544K, reserved 1048576K
}
Event: 2224.677 GC heap before
{Heap before GC invocations=84 (full 0):
 garbage-first heap   total 470016K, used 203764K [0x0000000080000000, 0x0000000100000000)
  region size 1024K, 40 young (40960K), 3 survivors (3072K)
 Metaspace       used 122059K, capacity 125353K, committed 125776K, reserved 1159168K
  class space    used 15222K, capacity 16442K, committed 16544K, reserved 1048576K
}
Event: 2224.777 GC heap after
{Heap after GC invocations=85 (full 0):
 garbage-first heap   total 470016K, used 185856K [0x0000000080000000, 0x0000000100000000)
  region size 1024K, 5 young (5120K), 5 survivors (5120K)
 Metaspace       used 122059K, capacity 125353K, committed 125776K, reserved 1159168K
  class space    used 15222K, capacity 16442K, committed 16544K, reserved 1048576K
}
Event: 2227.497 GC heap before
{Heap before GC invocations=86 (full 0):
 garbage-first heap   total 470016K, used 289280K [0x0000000080000000, 0x0000000100000000)
  region size 1024K, 102 young (104448K), 5 survivors (5120K)
 Metaspace       used 122067K, capacity 125342K, committed 125776K, reserved 1159168K
  class space    used 15222K, capacity 16440K, committed 16544K, reserved 1048576K
}
Event: 2227.572 GC heap after
{Heap after GC invocations=87 (full 0):
 garbage-first heap   total 470016K, used 219648K [0x0000000080000000, 0x0000000100000000)
  region size 1024K, 13 young (13312K), 13 survivors (13312K)
 Metaspace       used 122067K, capacity 125342K, committed 125776K, reserved 1159168K
  class space    used 15222K, capacity 16440K, committed 16544K, reserved 1048576K
}
Event: 2227.903 GC heap before
{Heap before GC invocations=87 (full 0):
 garbage-first heap   total 470016K, used 232960K [0x0000000080000000, 0x0000000100000000)
  region size 1024K, 22 young (22528K), 13 survivors (13312K)
 Metaspace       used 122068K, capacity 125342K, committed 125776K, reserved 1159168K
  class space    used 15222K, capacity 16440K, committed 16544K, reserved 1048576K
}
Event: 2228.011 GC heap after
{Heap after GC invocations=88 (full 0):
 garbage-first heap   total 470016K, used 226304K [0x0000000080000000, 0x0000000100000000)
  region size 1024K, 3 young (3072K), 3 survivors (3072K)
 Metaspace       used 122068K, capacity 125342K, committed 125776K, reserved 1159168K
  class space    used 15222K, capacity 16440K, committed 16544K, reserved 1048576K
}
Event: 2228.092 GC heap before
{Heap before GC invocations=88 (full 0):
 garbage-first heap   total 470016K, used 231424K [0x0000000080000000, 0x0000000100000000)
  region size 1024K, 9 young (9216K), 3 survivors (3072K)
 Metaspace       used 122068K, capacity 125342K, committed 125776K, reserved 1159168K
  class space    used 15222K, capacity 16440K, committed 16544K, reserved 1048576K
}
Event: 2228.128 GC heap after
{Heap after GC invocations=89 (full 0):
 garbage-first heap   total 470016K, used 229330K [0x0000000080000000, 0x0000000100000000)
  region size 1024K, 6 young (6144K), 6 survivors (6144K)
 Metaspace       used 122068K, capacity 125342K, committed 125776K, reserved 1159168K
  class space    used 15222K, capacity 16440K, committed 16544K, reserved 1048576K
}

